<?xml version="1.0" encoding="UTF-8"?>
<!-- Generated by org.testng.reporters.JUnitReportReporter -->
<testsuite hostname="Rathinavel" failures="0" tests="4" name="testCases.DDTest" time="81.408" errors="0" timestamp="2025-01-15T00:15:02 IST" skipped="0">
  <testcase classname="testCases.DDTest" name="verifyLoginDDTest" time="18.722"/>
  <testcase classname="testCases.DDTest" name="verifyLoginDDTest" time="21.347"/>
  <testcase classname="testCases.DDTest" name="verifyLoginDDTest" time="21.515"/>
  <testcase classname="testCases.DDTest" name="verifyLoginDDTest" time="19.824"/>
</testsuite> <!-- testCases.DDTest -->
