<?xml version="1.0" encoding="UTF-8"?>
<!-- Generated by org.testng.reporters.JUnitReportReporter -->
<testsuite hostname="Rathinavel" failures="0" tests="1" name="testCases.TC003_LoginOrangeHRMTest" time="11.368" errors="0" timestamp="2025-01-15T04:35:13 IST" skipped="0">
  <testcase classname="testCases.TC003_LoginOrangeHRMTest" name="loginOrangeHRM" time="11.368"/>
</testsuite> <!-- testCases.TC003_LoginOrangeHRMTest -->
